9  5  3  2  
9  5  3  2  
9  5  3  2  
2  5  3  9  
one time recursive: i = 0
5  2  3  9  
5  3  2  9  
5  3  9  2  
5  3  9  5  
one time recursive: i = 4
3  5  9  5  
3  9  5  5  
3  9  5  5  
3  9  5  3  
one time recursive: i = 4
9  3  5  3  
9  5  3  3  
9  5  3  3  
9  5  3  9  
one time recursive: i = 4
5  9  3  9  
5  3  9  9  
5  3  9  9  
5  3  9  5  
one time recursive: i = 4
3  5  9  5  
3  9  5  5  
3  9  5  5  
3  9  5  3  
one time recursive: i = 4
9  3  5  3  
9  5  3  3  
9  5  3  3  
9  5  3  9  
one time recursive: i = 4
5  9  3  9  
5  3  9  9  
5  3  9  9  
5  3  9  5  
one time recursive: i = 4
3  5  9  5  
3  9  5  5  
3  9  5  5  
3  9  5  3  
one time recursive: i = 4
9  3  5  3  
9  5  3  3  
9  5  3  3  
9  5  3  9  
one time recursive: i = 4
5  9  3  9  
5  3  9  9  
5  3  9  9  
5  3  9  5  
one time recursive: i = 4
3  5  9  5  
3  9  5  5  
3  9  5  5  
3  9  5  3  
one time recursive: i = 4
9  3  5  3  
9  5  3  3  
9  5  3  3  
9  5  3  9  
one time recursive: i = 4
5  9  3  9  
5  3  9  9  
5  3  9  9  
5  3  9  5  
one time recursive: i = 4
3  5  9  5  
3  9  5  5  
3  9  5  5  
3  9  5  3  
one time recursive: i = 4
9  3  5  3  
9  5  3  3  
9  5  3  3  
9  5  3  9  
one time recursive: i = 4
5  9  3  9  
5  3  9  9  
5  3  9  9  
5  3  9  5  
one time recursive: i = 4
3  5  9  5  
3  9  5  5  
3  9  5  5  
3  9  5  3  
one time recursive: i = 4
9  3  5  3  
9  5  3  3  
9  5  3  3  
9  5  3  9  
one time recursive: i = 4
5  9  3  9  
5  3  9  9  
5  3  9  9  
5  3  9  5  
one time recursive: i = 4
3  5  9  5  
3  9  5  5  
3  9  5  5  
3  9  5  3  
one time recursive: i = 4
9  3  5  3  
9  5  3  3  
9  5  3  3  
9  5  3  9  
one time recursive: i = 4
5  9  3  9  
5  3  9  9  
5  3  9  9  
5  3  9  5  
one time recursive: i = 4
3  5  9  5  
3  9  5  5  
3  9  5  5  
3  9  5  3  
one time recursive: i = 4
9  3  5  3  
9  5  3  3  
9  5  3  3  
9  5  3  9  
one time recursive: i = 4
5  9  3  9  
5  3  9  9  
5  3  9  9  
5  3  9  5  
one time recursive: i = 4
3  5  9  5  
3  9  5  5  
3  9  5  5  
3  9  5  3  
one time recursive: i = 4
9  3  5  3  
9  5  3  3  
9  5  3  3  
9  5  3  9  
one time recursive: i = 4
5  9  3  9  
5  3  9  9  
5  3  9  9  
5  3  9  5  
one time recursive: i = 4
3  5  9  5  
3  9  5  5  
3  9  5  5  
3  9  5  3  
one time recursive: i = 4
9  3  5  3  
9  5  3  3  
9  5  3  3  
9  5  3  9  
one time recursive: i = 4
5  9  3  9  
5  3  9  9  
5  3  9  9  
5  3  9  5  
one time recursive: i = 4
3  5  9  5  
3  9  5  5  
3  9  5  5  
3  9  5  3  
one time recursive: i = 4
9  3  5  3  
9  5  3  3  
9  5  3  3  
9  5  3  9  
one time recursive: i = 4
5  9  3  9  
5  3  9  9  
5  3  9  9  
5  3  9  5  
one time recursive: i = 4
3  5  9  5  
3  9  5  5  
3  9  5  5  
3  9  5  3  
one time recursive: i = 4
9  3  5  3  
9  5  3  3  
9  5  3  3  
9  5  3  9  
one time recursive: i = 4
5  9  3  9  
5  3  9  9  
5  3  9  9  
5  3  9  5  
one time recursive: i = 4
3  5  9  5  
3  9  5  5  
3  9  5  5  
3  9  5  3  
one time recursive: i = 4
9  3  5  3  
9  5  3  3  
9  5  3  3  
9  5  3  9  
one time recursive: i = 4
5  9  3  9  
5  3  9  9  
5  3  9  9  
5  3  9  5  
one time recursive: i = 4
3  5  9  5  
3  9  5  5  
3  9  5  5  
3  9  5  3  
one time recursive: i = 4
9  3  5  3  
9  5  3  3  
9  5  3  3  
9  5  3  9  
one time recursive: i = 4
5  9  3  9  
5  3  9  9  
5  3  9  9  
5  3  9  5  
one time recursive: i = 4
3  5  9  5  
3  9  5  5  
3  9  5  5  
3  9  5  3  
one time recursive: i = 4
9  3  5  3  
9  5  3  3  
9  5  3  3  
9  5  3  9  
one time recursive: i = 4
5  9  3  9  
5  3  9  9  
5  3  9  9  
5  3  9  5  
one time recursive: i = 4
3  5  9  5  
3  9  5  5  
3  9  5  5  
3  9  5  3  
one time recursive: i = 4
9  3  5  3  
9  5  3  3  
9  5  3  3  
9  5  3  9  
one time recursive: i = 4
5  9  3  9  
5  3  9  9  
5  3  9  9  
5  3  9  5  
one time recursive: i = 4
3  5  9  5  
3  9  5  5  
3  9  5  5  
3  9  5  3  
one time recursive: i = 4
9  3  5  3  
9  5  3  3  
9  5  3  3  
9  5  3  9  
one time recursive: i = 4
5  9  3  9  
5  3  9  9  
5  3  9  9  
5  3  9  5  
one time recursive: i = 4
3  5  9  5  
3  9  5  5  
3  9  5  5  
3  9  5  3  
one time recursive: i = 4
9  3  5  3  
9  5  3  3  
9  5  3  3  
9  5  3  9  
one time recursive: i = 4
5  9  3  9  
5  3  9  9  
5  3  9  9  
5  3  9  5  
one time recursive: i = 4
3  5  9  5  
3  9  5  5  
3  9  5  5  
3  9  5  3  
one time recursive: i = 4
9  3  5  3  
9  5  3  3  
9  5  3  3  
9  5  3  9  
one time recursive: i = 4
5  9  3  9  
5  3  9  9  
5  3  9  9  
5  3  9  5  
one time recursive: i = 4
3  5  9  5  
3  9  5  5  
3  9  5  5  
3  9  5  3  
one time recursive: i = 4
9  3  5  3  
9  5  3  3  
9  5  3  3  
9  5  3  9  
one time recursive: i = 4
5  9  3  9  
5  3  9  9  
5  3  9  9  
5  3  9  5  
one time recursive: i = 4
3  5  9  5  
3  9  5  5  
3  9  5  5  
3  9  5  3  
one time recursive: i = 4
9  3  5  3  
9  5  3  3  
9  5  3  3  
9  5  3  9  
one time recursive: i = 4
5  9  3  9  
5  3  9  9  
5  3  9  9  
5  3  9  5  
one time recursive: i = 4
3  5  9  5  
3  9  5  5  
3  9  5  5  
3  9  5  3  
one time recursive: i = 4
9  3  5  3  
9  5  3  3  
9  5  3  3  
9  5  3  9  
one time recursive: i = 4
5  9  3  9  
5  3  9  9  
5  3  9  9  
5  3  9  5  
one time recursive: i = 4
3  5  9  5  
3  9  5  5  
3  9  5  5  
3  9  5  3  
one time recursive: i = 4
9  3  5  3  
9  5  3  3  
9  5  3  3  
9  5  3  9  
one time recursive: i = 4
5  9  3  9  
5  3  9  9  
5  3  9  9  
5  3  9  5  
one time recursive: i = 4
3  5  9  5  
3  9  5  5  
3  9  5  5  
3  9  5  3  
one time recursive: i = 4
9  3  5  3  
9  5  3  3  
9  5  3  3  
9  5  3  9  
one time recursive: i = 4
5  9  3  9  
5  3  9  9  
5  3  9  9  
5  3  9  5  
one time recursive: i = 4
3  5  9  5  
3  9  5  5  
3  9  5  5  
3  9  5  3  
one time recursive: i = 4
9  3  5  3  
9  5  3  3  
9  5  3  3  
9  5  3  9  
one time recursive: i = 4
5  9  3  9  
5  3  9  9  
5  3  9  9  
5  3  9  5  
one time recursive: i = 4
3  5  9  5  
3  9  5  5  
3  9  5  5  
3  9  5  3  
one time recursive: i = 4
9  3  5  3  
9  5  3  3  
9  5  3  3  
9  5  3  9  
one time recursive: i = 4
5  9  3  9  
5  3  9  9  
5  3  9  9  
5  3  9  5  
one time recursive: i = 4
3  5  9  5  
3  9  5  5  
3  9  5  5  
3  9  5  3  
one time recursive: i = 4
9  3  5  3  
9  5  3  3  
9  5  3  3  
9  5  3  9  
one time recursive: i = 4
5  9  3  9  
5  3  9  9  
5  3  9  9  
5  3  9  5  
one time recursive: i = 4
3  5  9  5  
3  9  5  5  
3  9  5  5  
3  9  5  3  
one time recursive: i = 4
9  3  5  3  
9  5  3  3  
9  5  3  3  
9  5  3  9  
one time recursive: i = 4
5  9  3  9  
5  3  9  9  
5  3  9  9  
5  3  9  5  
one time recursive: i = 4
3  5  9  5  
3  9  5  5  
3  9  5  5  
3  9  5  3  
one time recursive: i = 4
9  3  5  3  
9  5  3  3  
9  5  3  3  
9  5  3  9  
one time recursive: i = 4
5  9  3  9  
5  3  9  9  
5  3  9  9  
5  3  9  5  
one time recursive: i = 4
3  5  9  5  
3  9  5  5  
3  9  5  5  
3  9  5  3  
one time recursive: i = 4
9  3  5  3  
9  5  3  3  
9  5  3  3  
9  5  3  9  
one time recursive: i = 4
5  9  3  9  
5  3  9  9  
5  3  9  9  
5  3  9  5  
one time recursive: i = 4
3  5  9  5  
3  9  5  5  
3  9  5  5  
3  9  5  3  
one time recursive: i = 4
9  3  5  3  
9  5  3  3  
9  5  3  3  
9  5  3  9  
one time recursive: i = 4
5  9  3  9  
5  3  9  9  
5  3  9  9  
5  3  9  5  
one time recursive: i = 4
3  5  9  5  
3  9  5  5  
3  9  5  5  
3  9  5  3  
one time recursive: i = 4
9  3  5  3  
9  5  3  3  
9  5  3  3  
9  5  3  9  
one time recursive: i = 4
5  9  3  9  
5  3  9  9  
5  3  9  9  
5  3  9  5  
one time recursive: i = 4
3  5  9  5  
3  9  5  5  
3  9  5  5  
3  9  5  3  
one time recursive: i = 4
9  3  5  3  
9  5  3  3  
9  5  3  3  
9  5  3  9  
one time recursive: i = 4
5  9  3  9  
5  3  9  9  
5  3  9  9  
5  3  9  5  
one time recursive: i = 4
3  5  9  5  
3  9  5  5  
3  9  5  5  
3  9  5  3  
one time recursive: i = 4
9  3  5  3  
9  5  3  3  
9  5  3  3  
9  5  3  9  
one time recursive: i = 4
5  9  3  9  
5  3  9  9  
5  3  9  9  
5  3  9  5  
one time recursive: i = 4
3  5  9  5  
3  9  5  5  
3  9  5  5  
3  9  5  3  
one time recursive: i = 4
9  3  5  3  
9  5  3  3  
9  5  3  3  
9  5  3  9  
one time recursive: i = 4
5  9  3  9  
5  3  9  9  
5  3  9  9  
5  3  9  5  
one time recursive: i = 4
3  5  9  5  
3  9  5  5  
3  9  5  5  
3  9  5  3  
one time recursive: i = 4
9  3  5  3  
9  5  3  3  
9  5  3  3  
9  5  3  9  
one time recursive: i = 4
5  9  3  9  
5  3  9  9  
5  3  9  9  
5  3  9  5  
one time recursive: i = 4
3  5  9  5  
3  9  5  5  
3  9  5  5  
3  9  5  5  
one time recursive: i = 4
9  3  5  5  
9  5  3  5  
9  5  5  3  
9  5  5  5  
one time recursive: i = 4
9  5  5  5  
9  5  5  5  
9  5  5  5  
9  5  5  5  
one time recursive: i = 3
9  5  5  5  
9  5  5  5  
9  5  5  5  
one time recursive: i = 2
finish sort, results are: 
9  5  5  5  
9  5  5  5  
 The target is 8
 The closest pair is 9 and 5
